#
# A fatal error has been detected by the Java Runtime Environment:
#
#  EXCEPTION_ACCESS_VIOLATION (0xc0000005) at pc=0x0000000180005b6b, pid=14744, tid=0x0000000000003820
#
# JRE version: Java(TM) SE Runtime Environment (8.0_231-b11) (build 1.8.0_231-b11)
# Java VM: Java HotSpot(TM) 64-Bit Server VM (25.231-b11 mixed mode windows-amd64 compressed oops)
# Problematic frame:
# C  [rxtxSerial.dll+0x5b6b]
#
# Failed to write core dump. Minidumps are not enabled by default on client versions of Windows
#
# If you would like to submit a bug report, please visit:
#   http://bugreport.java.com/bugreport/crash.jsp
# The crash happened outside the Java Virtual Machine in native code.
# See problematic frame for where to report the bug.
#

---------------  T H R E A D  ---------------

Current thread (0x00000000163ca000):  JavaThread "Thread-16" [_thread_in_native, id=14368, stack(0x000000001ba20000,0x000000001bb20000)]

siginfo: ExceptionCode=0xc0000005, writing address 0x000000001b23ec68

Registers:
RAX=0x0000000000000001, RBX=0x0000000000000001, RCX=0x0f722d24e8420000, RDX=0x0000000000000000
RSP=0x000000001bb1f260, RBP=0x00000000ffffffff, RSI=0x0000000000000011, RDI=0x0000000000000000
R8 =0x000000001bb1ef68, R9 =0x000000001bb1f020, R10=0x0000000000000000, R11=0x0000000000000001
R12=0x000000001b23ec60, R13=0x0000000000000001, R14=0x0000000000000001, R15=0x0000000000000000
RIP=0x0000000180005b6b, EFLAGS=0x0000000000010246

Top of Stack: (sp=0x000000001bb1f260)
0x000000001bb1f260:   0000000000000000 0000000000000000
0x000000001bb1f270:   0000000000000000 00000000ffffffff
0x000000001bb1f280:   0000000000000000 000000001bb1f3c0
0x000000001bb1f290:   000000001bb1f488 0000000000000001
0x000000001bb1f2a0:   00000000163ca1f8 0000000000000001
0x000000001bb1f2b0:   ffffffffffffffff 0000000180006211
0x000000001bb1f2c0:   0000000018127a70 0000000000000001
0x000000001bb1f2d0:   0000000000000001 0000000018127a70
0x000000001bb1f2e0:   0000000000000001 00000000ffffffff
0x000000001bb1f2f0:   000000001bb1f3b8 00000000163ca1f8
0x000000001bb1f300:   000000001bb1f3f0 0000000180006920
0x000000001bb1f310:   00000000163ca1f8 000000004004667f
0x000000001bb1f320:   000000001bb1f330 fffffffffffff8b8
0x000000001bb1f330:   0000000000000000 00000f7236951a82
0x000000001bb1f340:   00000000163ca000 000000001bb1f488
0x000000001bb1f350:   00000000163ca000 0000000000000000 

Instructions: (pc=0x0000000180005b6b)
0x0000000180005b4b:   31 00 00 85 c0 78 33 74 06 03 d8 2b f8 eb 0a b9
0x0000000180005b5b:   e8 03 00 00 e8 1c 1c 00 00 41 3b dd 7c b7 8b c3
0x0000000180005b6b:   45 89 74 24 08 48 8b 5c 24 60 48 83 c4 20 41 5f
0x0000000180005b7b:   41 5e 41 5d 41 5c 5f 5e 5d c3 e8 1e 61 00 00 83 


Register to memory mapping:

RAX=0x0000000000000001 is an unknown value
RBX=0x0000000000000001 is an unknown value
RCX=0x0f722d24e8420000 is an unknown value
RDX=0x0000000000000000 is an unknown value
RSP=0x000000001bb1f260 is pointing into the stack for thread: 0x00000000163ca000
RBP=0x00000000ffffffff is an unallocated location in the heap
RSI=0x0000000000000011 is an unknown value
RDI=0x0000000000000000 is an unknown value
R8 =0x000000001bb1ef68 is pointing into the stack for thread: 0x00000000163ca000
R9 =0x000000001bb1f020 is pointing into the stack for thread: 0x00000000163ca000
R10=0x0000000000000000 is an unknown value
R11=0x0000000000000001 is an unknown value
R12=0x000000001b23ec60 is an unknown value
R13=0x0000000000000001 is an unknown value
R14=0x0000000000000001 is an unknown value
R15=0x0000000000000000 is an unknown value


Stack: [0x000000001ba20000,0x000000001bb20000],  sp=0x000000001bb1f260,  free space=1020k
Native frames: (J=compiled Java code, j=interpreted, Vv=VM code, C=native code)
C  [rxtxSerial.dll+0x5b6b]
C  [rxtxSerial.dll+0x6211]
C  0x0000000002ee161a

Java frames: (J=compiled Java code, j=interpreted, Vv=VM code)
J 1168  gnu.io.RXTXPort.readArray([BII)I (0 bytes) @ 0x0000000002ee1594 [0x0000000002ee1540+0x54]
J 1200 C2 gnu.io.RXTXPort$SerialInputStream.read([B)I (77 bytes) @ 0x0000000002efc370 [0x0000000002efc240+0x130]
j  controlador.SerialCommunication$SerialReader.run()V+23
j  java.lang.Thread.run()V+11
v  ~StubRoutines::call_stub

---------------  P R O C E S S  ---------------

Java Threads: ( => current thread )
  0x0000000017f4f800 JavaThread "Thread-24" [_thread_blocked, id=844, stack(0x000000001c120000,0x000000001c220000)]
  0x0000000017f52800 JavaThread "Thread-22" [_thread_blocked, id=9144, stack(0x000000001c020000,0x000000001c120000)]
  0x0000000017f52000 JavaThread "Thread-21" [_thread_blocked, id=9720, stack(0x000000001bf20000,0x000000001c020000)]
  0x0000000017f4e000 JavaThread "Thread-20" [_thread_blocked, id=10692, stack(0x000000001be20000,0x000000001bf20000)]
  0x0000000017f54000 JavaThread "Thread-19" [_thread_blocked, id=9240, stack(0x000000001bd20000,0x000000001be20000)]
  0x0000000017f53800 JavaThread "Thread-18" [_thread_blocked, id=13812, stack(0x000000001bc20000,0x000000001bd20000)]
  0x00000000163cb800 JavaThread "Thread-17" [_thread_blocked, id=12608, stack(0x000000001bb20000,0x000000001bc20000)]
=>0x00000000163ca000 JavaThread "Thread-16" [_thread_in_native, id=14368, stack(0x000000001ba20000,0x000000001bb20000)]
  0x00000000163c9800 JavaThread "Thread-15" [_thread_blocked, id=7044, stack(0x000000001b920000,0x000000001ba20000)]
  0x00000000163cb000 JavaThread "Thread-14" [_thread_blocked, id=7776, stack(0x000000001b820000,0x000000001b920000)]
  0x00000000163ce000 JavaThread "Thread-13" [_thread_blocked, id=10384, stack(0x000000001b720000,0x000000001b820000)]
  0x00000000163c8800 JavaThread "Thread-12" [_thread_blocked, id=9600, stack(0x000000001b620000,0x000000001b720000)]
  0x00000000163cf800 JavaThread "Thread-11" [_thread_blocked, id=2100, stack(0x000000001b520000,0x000000001b620000)]
  0x000000001878a000 JavaThread "Thread-10" [_thread_blocked, id=6572, stack(0x000000001b420000,0x000000001b520000)]
  0x0000000018027800 JavaThread "Thread-9" [_thread_blocked, id=11124, stack(0x000000001b320000,0x000000001b420000)]
  0x0000000018027000 JavaThread "Thread-8" [_thread_blocked, id=9844, stack(0x000000001b020000,0x000000001b120000)]
  0x0000000018026000 JavaThread "Thread-7" [_thread_blocked, id=14520, stack(0x00000000194f0000,0x00000000195f0000)]
  0x00000000187ff800 JavaThread "TimerQueue" daemon [_thread_blocked, id=13932, stack(0x000000001a620000,0x000000001a720000)]
  0x000000000289e800 JavaThread "DestroyJavaVM" [_thread_blocked, id=14508, stack(0x0000000002930000,0x0000000002a30000)]
  0x00000000185b1000 JavaThread "AWT-EventQueue-0" [_thread_blocked, id=6920, stack(0x00000000195f0000,0x00000000196f0000)]
  0x0000000018131000 JavaThread "AWT-Windows" daemon [_thread_in_native, id=4184, stack(0x0000000018ed0000,0x0000000018fd0000)]
  0x0000000018110000 JavaThread "AWT-Shutdown" [_thread_blocked, id=2648, stack(0x0000000018dd0000,0x0000000018ed0000)]
  0x000000001812e000 JavaThread "Java2D Disposer" daemon [_thread_blocked, id=7144, stack(0x0000000018cd0000,0x0000000018dd0000)]
  0x000000001641e000 JavaThread "Service Thread" daemon [_thread_blocked, id=8416, stack(0x0000000018160000,0x0000000018260000)]
  0x00000000163cc800 JavaThread "C1 CompilerThread2" daemon [_thread_blocked, id=14416, stack(0x0000000017c60000,0x0000000017d60000)]
  0x00000000163ce800 JavaThread "C2 CompilerThread1" daemon [_thread_blocked, id=10728, stack(0x0000000017b60000,0x0000000017c60000)]
  0x00000000163c0800 JavaThread "C2 CompilerThread0" daemon [_thread_blocked, id=4496, stack(0x0000000017a60000,0x0000000017b60000)]
  0x00000000163bd000 JavaThread "Attach Listener" daemon [_thread_blocked, id=11400, stack(0x0000000017960000,0x0000000017a60000)]
  0x00000000163bb000 JavaThread "Signal Dispatcher" daemon [_thread_blocked, id=7684, stack(0x0000000017860000,0x0000000017960000)]
  0x00000000163aa800 JavaThread "Finalizer" daemon [_thread_blocked, id=10032, stack(0x0000000017640000,0x0000000017740000)]
  0x0000000002b20000 JavaThread "Reference Handler" daemon [_thread_blocked, id=6860, stack(0x0000000017540000,0x0000000017640000)]

Other Threads:
  0x0000000016388000 VMThread [stack: 0x0000000017440000,0x0000000017540000] [id=1044]
  0x0000000017d8d000 WatcherThread [stack: 0x0000000018260000,0x0000000018360000] [id=9616]

VM state:not at safepoint (normal execution)

VM Mutex/Monitor currently owned by a thread: None

heap address: 0x00000000a1a00000, size: 1510 MB, Compressed Oops mode: 32-bit
Narrow klass base: 0x0000000000000000, Narrow klass shift: 3
Compressed class space size: 1073741824 Address: 0x0000000100000000

Heap:
 PSYoungGen      total 28672K, used 23259K [0x00000000e0900000, 0x00000000e4100000, 0x0000000100000000)
  eden space 24576K, 88% used [0x00000000e0900000,0x00000000e1e2b090,0x00000000e2100000)
  from space 4096K, 38% used [0x00000000e2100000,0x00000000e228be28,0x00000000e2500000)
  to   space 4096K, 0% used [0x00000000e3d00000,0x00000000e3d00000,0x00000000e4100000)
 ParOldGen       total 65536K, used 18758K [0x00000000a1a00000, 0x00000000a5a00000, 0x00000000e0900000)
  object space 65536K, 28% used [0x00000000a1a00000,0x00000000a2c51810,0x00000000a5a00000)
 Metaspace       used 14857K, capacity 15126K, committed 15360K, reserved 1062912K
  class space    used 1863K, capacity 1933K, committed 2048K, reserved 1048576K

Card table byte_map: [0x0000000011ef0000,0x00000000121f0000] byte_map_base: 0x00000000119e3000

Marking Bits: (ParMarkBitMap*) 0x000000005ad76d90
 Begin Bits: [0x00000000127f0000, 0x0000000013f88000)
 End Bits:   [0x0000000013f88000, 0x0000000015720000)

Polling page: 0x0000000000ba0000

CodeCache: size=245760Kb used=3973Kb max_used=3973Kb free=241787Kb
 bounds [0x0000000002b30000, 0x0000000002f20000, 0x0000000011b30000]
 total_blobs=1780 nmethods=1227 adapters=465
 compilation: enabled

Compilation events (10 events):
Event: 7.172 Thread 0x00000000163cc800 1223       1       sun.awt.image.SunVolatileImage::getWidth (5 bytes)
Event: 7.172 Thread 0x00000000163cc800 nmethod 1223 0x0000000002f0b4d0 code [0x0000000002f0b620, 0x0000000002f0b730]
Event: 7.172 Thread 0x00000000163cc800 1224       1       sun.awt.image.SunVolatileImage::getHeight (5 bytes)
Event: 7.172 Thread 0x00000000163cc800 nmethod 1224 0x0000000002f0b210 code [0x0000000002f0b360, 0x0000000002f0b470]
Event: 7.317 Thread 0x00000000163c0800 1225       4       java.lang.ref.SoftReference::get (29 bytes)
Event: 7.317 Thread 0x00000000163cc800 1226   !   3       sun.font.FontDesignMetrics::getMetrics (265 bytes)
Event: 7.318 Thread 0x00000000163c0800 nmethod 1225 0x0000000002ef2450 code [0x0000000002ef2580, 0x0000000002ef2618]
Event: 7.320 Thread 0x00000000163cc800 nmethod 1226 0x0000000002f13990 code [0x0000000002f13da0, 0x0000000002f166d8]
Event: 7.320 Thread 0x00000000163cc800 1227       3       java.util.AbstractSet::<init> (5 bytes)
Event: 7.320 Thread 0x00000000163cc800 nmethod 1227 0x0000000002f0add0 code [0x0000000002f0af40, 0x0000000002f0b150]

GC Heap History (2 events):
Event: 0.455 GC heap before
{Heap before GC invocations=1 (full 0):
 PSYoungGen      total 28672K, used 24576K [0x00000000e0900000, 0x00000000e2900000, 0x0000000100000000)
  eden space 24576K, 100% used [0x00000000e0900000,0x00000000e2100000,0x00000000e2100000)
  from space 4096K, 0% used [0x00000000e2500000,0x00000000e2500000,0x00000000e2900000)
  to   space 4096K, 0% used [0x00000000e2100000,0x00000000e2100000,0x00000000e2500000)
 ParOldGen       total 65536K, used 0K [0x00000000a1a00000, 0x00000000a5a00000, 0x00000000e0900000)
  object space 65536K, 0% used [0x00000000a1a00000,0x00000000a1a00000,0x00000000a5a00000)
 Metaspace       used 9524K, capacity 9684K, committed 9856K, reserved 1058816K
  class space    used 1213K, capacity 1282K, committed 1408K, reserved 1048576K
Event: 0.470 GC heap after
Heap after GC invocations=1 (full 0):
 PSYoungGen      total 28672K, used 1583K [0x00000000e0900000, 0x00000000e4100000, 0x0000000100000000)
  eden space 24576K, 0% used [0x00000000e0900000,0x00000000e0900000,0x00000000e2100000)
  from space 4096K, 38% used [0x00000000e2100000,0x00000000e228be28,0x00000000e2500000)
  to   space 4096K, 0% used [0x00000000e3d00000,0x00000000e3d00000,0x00000000e4100000)
 ParOldGen       total 65536K, used 18758K [0x00000000a1a00000, 0x00000000a5a00000, 0x00000000e0900000)
  object space 65536K, 28% used [0x00000000a1a00000,0x00000000a2c51810,0x00000000a5a00000)
 Metaspace       used 9524K, capacity 9684K, committed 9856K, reserved 1058816K
  class space    used 1213K, capacity 1282K, committed 1408K, reserved 1048576K
}

Deoptimization events (9 events):
Event: 0.347 Thread 0x000000000289e800 Uncommon trap: reason=unstable_if action=reinterpret pc=0x0000000002cd42d0 method=controlador.Controlador.<init>(Lmodelo/InterfaceModelo;Lvista/InterfaceVista;)V @ 106
Event: 0.690 Thread 0x000000000289e800 Uncommon trap: reason=bimorphic action=maybe_recompile pc=0x0000000002dacb64 method=java.util.HashMap.getNode(ILjava/lang/Object;)Ljava/util/HashMap$Node; @ 126
Event: 0.690 Thread 0x000000000289e800 Uncommon trap: reason=bimorphic action=maybe_recompile pc=0x0000000002dacb64 method=java.util.HashMap.getNode(ILjava/lang/Object;)Ljava/util/HashMap$Node; @ 126
Event: 0.690 Thread 0x000000000289e800 Uncommon trap: reason=bimorphic action=maybe_recompile pc=0x0000000002dacb64 method=java.util.HashMap.getNode(ILjava/lang/Object;)Ljava/util/HashMap$Node; @ 126
Event: 0.690 Thread 0x000000000289e800 Uncommon trap: reason=bimorphic action=maybe_recompile pc=0x0000000002dacb64 method=java.util.HashMap.getNode(ILjava/lang/Object;)Ljava/util/HashMap$Node; @ 126
Event: 0.777 Thread 0x000000000289e800 Uncommon trap: reason=class_check action=maybe_recompile pc=0x0000000002caa020 method=java.lang.String.equals(Ljava/lang/Object;)Z @ 8
Event: 0.778 Thread 0x000000000289e800 Uncommon trap: reason=class_check action=maybe_recompile pc=0x0000000002caa020 method=java.lang.String.equals(Ljava/lang/Object;)Z @ 8
Event: 0.779 Thread 0x000000000289e800 Uncommon trap: reason=class_check action=maybe_recompile pc=0x0000000002caa020 method=java.lang.String.equals(Ljava/lang/Object;)Z @ 8
Event: 0.779 Thread 0x000000000289e800 Uncommon trap: reason=class_check action=maybe_recompile pc=0x0000000002caa020 method=java.lang.String.equals(Ljava/lang/Object;)Z @ 8

Classes redefined (0 events):
No events

Internal exceptions (10 events):
Event: 0.168 Thread 0x000000000289e800 Exception <a 'java/security/PrivilegedActionException'> (0x00000000e0a516a0) thrown at [C:\re\workspace\8-2-build-windows-amd64-cygwin\jdk8u231\13620\hotspot\src\share\vm\prims\jvm.cpp, line 1502]
Event: 0.168 Thread 0x000000000289e800 Exception <a 'java/security/PrivilegedActionException'> (0x00000000e0a518b0) thrown at [C:\re\workspace\8-2-build-windows-amd64-cygwin\jdk8u231\13620\hotspot\src\share\vm\prims\jvm.cpp, line 1502]
Event: 0.177 Thread 0x000000000289e800 Exception <a 'java/io/FileNotFoundException'> (0x00000000e0a59710) thrown at [C:\re\workspace\8-2-build-windows-amd64-cygwin\jdk8u231\13620\hotspot\src\share\vm\prims\jni.cpp, line 710]
Event: 0.218 Thread 0x000000000289e800 Exception <a 'java/lang/NoSuchFieldError': method resolution failed> (0x00000000e0b29fe0) thrown at [C:\re\workspace\8-2-build-windows-amd64-cygwin\jdk8u231\13620\hotspot\src\share\vm\prims\methodHandles.cpp, line 1167]
Event: 0.221 Thread 0x000000000289e800 Exception <a 'java/lang/NoSuchFieldError': method resolution failed> (0x00000000e0b373b0) thrown at [C:\re\workspace\8-2-build-windows-amd64-cygwin\jdk8u231\13620\hotspot\src\share\vm\prims\methodHandles.cpp, line 1167]
Event: 0.273 Thread 0x000000000289e800 Exception <a 'java/io/FileNotFoundException'> (0x00000000e0bdfde8) thrown at [C:\re\workspace\8-2-build-windows-amd64-cygwin\jdk8u231\13620\hotspot\src\share\vm\prims\jni.cpp, line 710]
Event: 4.298 Thread 0x0000000018816800 Exception <a 'java/io/FileNotFoundException'> (0x00000000e1919f60) thrown at [C:\re\workspace\8-2-build-windows-amd64-cygwin\jdk8u231\13620\hotspot\src\share\vm\prims\jni.cpp, line 710]
Event: 4.422 Thread 0x0000000018816800 Exception <a 'java/io/FileNotFoundException'> (0x00000000e1933828) thrown at [C:\re\workspace\8-2-build-windows-amd64-cygwin\jdk8u231\13620\hotspot\src\share\vm\prims\jni.cpp, line 710]
Event: 4.423 Thread 0x0000000018816800 Exception <a 'java/io/FileNotFoundException'> (0x00000000e19450c8) thrown at [C:\re\workspace\8-2-build-windows-amd64-cygwin\jdk8u231\13620\hotspot\src\share\vm\prims\jni.cpp, line 710]
Event: 4.542 Thread 0x0000000018816800 Exception <a 'java/io/FileNotFoundException'> (0x00000000e195e550) thrown at [C:\re\workspace\8-2-build-windows-amd64-cygwin\jdk8u231\13620\hotspot\src\share\vm\prims\jni.cpp, line 710]

Events (10 events):
Event: 7.136 Thread 0x0000000017f52000 Thread added: 0x0000000017f52000
Event: 7.146 Thread 0x0000000017f52800 Thread added: 0x0000000017f52800
Event: 7.316 loading class controlador/Controlador$2
Event: 7.316 loading class controlador/Controlador$2 done
Event: 7.316 Thread 0x0000000017f4f800 Thread added: 0x0000000017f4f800
Event: 7.317 Executing VM operation: RevokeBias
Event: 7.317 Executing VM operation: RevokeBias done
Event: 7.326 Thread 0x00000000188f9800 Thread exited: 0x00000000188f9800
Event: 7.326 Executing VM operation: RevokeBias
Event: 7.326 Executing VM operation: RevokeBias done


Dynamic libraries:
0x00007ff783cf0000 - 0x00007ff783d27000 	C:\Program Files\Java\jre1.8.0_231\bin\javaw.exe
0x00007ffba2ea0000 - 0x00007ffba3090000 	C:\WINDOWS\SYSTEM32\ntdll.dll
0x00007ffba0f50000 - 0x00007ffba1002000 	C:\WINDOWS\System32\KERNEL32.DLL
0x00007ffba0a10000 - 0x00007ffba0cb3000 	C:\WINDOWS\System32\KERNELBASE.dll
0x00007ffba14f0000 - 0x00007ffba1593000 	C:\WINDOWS\System32\ADVAPI32.dll
0x00007ffba10b0000 - 0x00007ffba114e000 	C:\WINDOWS\System32\msvcrt.dll
0x00007ffba15a0000 - 0x00007ffba1637000 	C:\WINDOWS\System32\sechost.dll
0x00007ffba16b0000 - 0x00007ffba17d0000 	C:\WINDOWS\System32\RPCRT4.dll
0x00007ffba24c0000 - 0x00007ffba2654000 	C:\WINDOWS\System32\USER32.dll
0x00007ffba0660000 - 0x00007ffba0681000 	C:\WINDOWS\System32\win32u.dll
0x00007ffba1150000 - 0x00007ffba1176000 	C:\WINDOWS\System32\GDI32.dll
0x00007ffba0690000 - 0x00007ffba0824000 	C:\WINDOWS\System32\gdi32full.dll
0x00007ffba0e90000 - 0x00007ffba0f2e000 	C:\WINDOWS\System32\msvcp_win.dll
0x00007ffba0910000 - 0x00007ffba0a0a000 	C:\WINDOWS\System32\ucrtbase.dll
0x00007ffb8d170000 - 0x00007ffb8d3f5000 	C:\WINDOWS\WinSxS\amd64_microsoft.windows.common-controls_6595b64144ccf1df_6.0.18362.720_none_e6beb5c51314836b\COMCTL32.dll
0x00007ffba1180000 - 0x00007ffba14b6000 	C:\WINDOWS\System32\combase.dll
0x00007ffba0890000 - 0x00007ffba0910000 	C:\WINDOWS\System32\bcryptPrimitives.dll
0x00007ffba1010000 - 0x00007ffba103e000 	C:\WINDOWS\System32\IMM32.DLL
0x000000005b4c0000 - 0x000000005b592000 	C:\Program Files\Java\jre1.8.0_231\bin\msvcr100.dll
0x000000005a550000 - 0x000000005adf6000 	C:\Program Files\Java\jre1.8.0_231\bin\server\jvm.dll
0x00007ffba1830000 - 0x00007ffba1838000 	C:\WINDOWS\System32\PSAPI.DLL
0x00007ffb91480000 - 0x00007ffb9148a000 	C:\WINDOWS\SYSTEM32\VERSION.dll
0x00007ffb9cb50000 - 0x00007ffb9cb74000 	C:\WINDOWS\SYSTEM32\WINMM.dll
0x00007ffb9aa90000 - 0x00007ffb9aa99000 	C:\WINDOWS\SYSTEM32\WSOCK32.dll
0x00007ffba1040000 - 0x00007ffba10af000 	C:\WINDOWS\System32\WS2_32.dll
0x00007ffb9cb20000 - 0x00007ffb9cb4d000 	C:\WINDOWS\SYSTEM32\WINMMBASE.dll
0x00007ffba0cc0000 - 0x00007ffba0d0a000 	C:\WINDOWS\System32\cfgmgr32.dll
0x00007ffb9aa80000 - 0x00007ffb9aa8f000 	C:\Program Files\Java\jre1.8.0_231\bin\verify.dll
0x00007ffb93c20000 - 0x00007ffb93c49000 	C:\Program Files\Java\jre1.8.0_231\bin\java.dll
0x00007ffb998f0000 - 0x00007ffb99906000 	C:\Program Files\Java\jre1.8.0_231\bin\zip.dll
0x00007ffba2770000 - 0x00007ffba2e55000 	C:\WINDOWS\System32\SHELL32.dll
0x00007ffba2660000 - 0x00007ffba2709000 	C:\WINDOWS\System32\shcore.dll
0x00007ffb9fee0000 - 0x00007ffba0660000 	C:\WINDOWS\System32\windows.storage.dll
0x00007ffb9fde0000 - 0x00007ffb9fe03000 	C:\WINDOWS\System32\profapi.dll
0x00007ffb9fd90000 - 0x00007ffb9fdda000 	C:\WINDOWS\System32\powrprof.dll
0x00007ffb9fd60000 - 0x00007ffb9fd70000 	C:\WINDOWS\System32\UMPDC.dll
0x00007ffba17d0000 - 0x00007ffba1822000 	C:\WINDOWS\System32\shlwapi.dll
0x00007ffb9fd70000 - 0x00007ffb9fd81000 	C:\WINDOWS\System32\kernel.appcore.dll
0x00007ffba0f30000 - 0x00007ffba0f47000 	C:\WINDOWS\System32\cryptsp.dll
0x00007ffb5a320000 - 0x00007ffb5a4ba000 	C:\Program Files\Java\jre1.8.0_231\bin\awt.dll
0x00007ffba2110000 - 0x00007ffba21d4000 	C:\WINDOWS\System32\OLEAUT32.dll
0x00007ffb9e290000 - 0x00007ffb9e31f000 	C:\WINDOWS\SYSTEM32\apphelp.dll
0x00007ffb9e610000 - 0x00007ffb9e63d000 	C:\WINDOWS\system32\DWMAPI.DLL
0x00007ffb9e510000 - 0x00007ffb9e5a9000 	C:\WINDOWS\system32\uxtheme.dll
0x00007ffb8a2c0000 - 0x00007ffb8a416000 	C:\WINDOWS\system32\opengl32.dll
0x00007ffb94000000 - 0x00007ffb9402c000 	C:\WINDOWS\SYSTEM32\GLU32.dll
0x00007ffb9e9d0000 - 0x00007ffb9e9f0000 	C:\WINDOWS\SYSTEM32\dxcore.dll
0x00007ffba1a90000 - 0x00007ffba1bc6000 	C:\WINDOWS\System32\MSCTF.dll
0x00007ffba1840000 - 0x00007ffba1997000 	C:\WINDOWS\System32\ole32.dll
0x00007ffb82450000 - 0x00007ffb82499000 	C:\Program Files\Java\jre1.8.0_231\bin\fontmanager.dll
0x00007ffb997b0000 - 0x00007ffb997ca000 	C:\Program Files\Java\jre1.8.0_231\bin\net.dll
0x00007ffb9f570000 - 0x00007ffb9f5d7000 	C:\WINDOWS\system32\mswsock.dll
0x00007ffb946f0000 - 0x00007ffb94702000 	C:\Program Files\Java\jre1.8.0_231\bin\nio.dll
0x00007ffb7aad0000 - 0x00007ffb7ab12000 	C:\Program Files\Java\jre1.8.0_231\bin\t2k.dll
0x00007ffba2390000 - 0x00007ffba2432000 	C:\WINDOWS\System32\clbcatq.dll
0x00007ffb9a500000 - 0x00007ffb9a6af000 	C:\WINDOWS\SYSTEM32\WindowsCodecs.dll
0x00007ffb925a0000 - 0x00007ffb925da000 	C:\WINDOWS\system32\dataexchange.dll
0x00007ffb9db70000 - 0x00007ffb9dd4b000 	C:\WINDOWS\system32\dcomp.dll
0x00007ffb9d140000 - 0x00007ffb9d39b000 	C:\WINDOWS\system32\d3d11.dll
0x00007ffb9e9f0000 - 0x00007ffb9eadb000 	C:\WINDOWS\system32\dxgi.dll
0x00007ffb9df20000 - 0x00007ffb9e17a000 	C:\WINDOWS\system32\twinapi.appcore.dll
0x00007ffb9e5e0000 - 0x00007ffb9e609000 	C:\WINDOWS\system32\RMCLIENT.dll
0x00007ffb980a0000 - 0x00007ffb9813e000 	C:\WINDOWS\System32\TextInputFramework.dll
0x00007ffb9e180000 - 0x00007ffb9e254000 	C:\WINDOWS\System32\CoreMessaging.dll
0x00007ffb9bc90000 - 0x00007ffb9bfba000 	C:\WINDOWS\System32\CoreUIComponents.dll
0x00007ffb9edc0000 - 0x00007ffb9edf1000 	C:\WINDOWS\SYSTEM32\ntmarta.dll
0x00007ffb9b6f0000 - 0x00007ffb9b843000 	C:\WINDOWS\SYSTEM32\wintypes.dll
0x00007ffb90b80000 - 0x00007ffb90be5000 	C:\WINDOWS\system32\Oleacc.dll
0x00007ffb928a0000 - 0x00007ffb928ca000 	C:\Program Files\Java\jre1.8.0_231\bin\dcpr.dll
0x00007ffb941a0000 - 0x00007ffb94446000 	C:\WINDOWS\System32\iertutil.dll
0x0000000180000000 - 0x0000000180025000 	C:\Program Files\Java\jre1.8.0_231\bin\rxtxSerial.dll
0x00007ffb962f0000 - 0x00007ffb964e4000 	C:\WINDOWS\SYSTEM32\dbghelp.dll

VM Arguments:
jvm_args: -Dfile.encoding=Cp1252 
java_command: Main
java_class_path (initial): F:\PROYECTOS\Curso_JAVA\SignalPlotter\bin;C:\Program Files\Java\eclipse\plugins\gnu.io.rxtx_2.1.7.4_v20071016.jar;C:\Program Files\Java\jfreechart-1.0.19\lib\jcommon-1.0.23.jar;C:\Program Files\Java\jfreechart-1.0.19\lib\jfreechart-1.0.19.jar;C:\Program Files\Java\Java-RxTx-in-Windows-10-USB-COM-ports-master\Win10RxTx\lib\RXTXcomm.jar
Launcher Type: SUN_STANDARD

Environment Variables:
PATH=C:/Program Files/Java/jre1.8.0_231/bin/server;C:/Program Files/Java/jre1.8.0_231/bin;C:/Program Files/Java/jre1.8.0_231/lib/amd64;C:\Program Files (x86)\Common Files\Oracle\Java\javapath;C:\WINDOWS\system32;C:\WINDOWS;C:\WINDOWS\System32\Wbem;C:\WINDOWS\System32\WindowsPowerShell\v1.0\;C:\WINDOWS\System32\OpenSSH\;C:\Program Files\MATLAB\R2016b\runtime\win64;C:\Program Files\MATLAB\R2016b\bin;C:\Program Files\MATLAB\R2016b\polyspace\bin;C:\Program Files\Git\cmd;C:\PROGRA~2\PICC;C:\Go\bin;C:\Users\luciano\AppData\Local\Microsoft\WindowsApps;C:\Users\luciano\AppData\Local\Programs\MiKTeX 2.9\miktex\bin\x64\;C:\Users\luciano\go\bin;F:\LUCIANO\PROGRAMAS\Eclipse\eclipse;
USERNAME=luciano
OS=Windows_NT
PROCESSOR_IDENTIFIER=Intel64 Family 6 Model 58 Stepping 9, GenuineIntel



---------------  S Y S T E M  ---------------

OS: Windows 10.0 , 64 bit Build 18362 (10.0.18362.329)

CPU:total 4 (initial active 4) (2 cores per cpu, 2 threads per core) family 6 model 58 stepping 9, cmov, cx8, fxsr, mmx, sse, sse2, sse3, ssse3, sse4.1, sse4.2, popcnt, avx, aes, clmul, erms, ht, tsc, tscinvbit, tscinv

Memory: 4k page, physical 6183040k(2168352k free), swap 11611556k(5658568k free)

vm_info: Java HotSpot(TM) 64-Bit Server VM (25.231-b11) for windows-amd64 JRE (1.8.0_231-b11), built on Oct  5 2019 03:11:30 by "java_re" with MS VC++ 10.0 (VS2010)

time: Tue Mar 31 20:32:32 2020
timezone: Hora estándar de Argentina
elapsed time: 7 seconds (0d 0h 0m 7s)

