#
# A fatal error has been detected by the Java Runtime Environment:
#
#  EXCEPTION_ACCESS_VIOLATION (0xc0000005) at pc=0x0000000180005b6b, pid=14680, tid=0x00000000000005d8
#
# JRE version: Java(TM) SE Runtime Environment (8.0_231-b11) (build 1.8.0_231-b11)
# Java VM: Java HotSpot(TM) 64-Bit Server VM (25.231-b11 mixed mode windows-amd64 compressed oops)
# Problematic frame:
# C  [rxtxSerial.dll+0x5b6b]
#
# Failed to write core dump. Minidumps are not enabled by default on client versions of Windows
#
# If you would like to submit a bug report, please visit:
#   http://bugreport.java.com/bugreport/crash.jsp
# The crash happened outside the Java Virtual Machine in native code.
# See problematic frame for where to report the bug.
#

---------------  T H R E A D  ---------------

Current thread (0x0000000017d34000):  JavaThread "Thread-178" [_thread_in_native, id=1496, stack(0x00000000201c0000,0x00000000202c0000)]

siginfo: ExceptionCode=0xc0000005, writing address 0x000000001afbeeb8

Registers:
RAX=0x0000000000000001, RBX=0x0000000000000001, RCX=0x0112c9c85a9f0000, RDX=0x0000000000000000
RSP=0x00000000202bf390, RBP=0x00000000ffffffff, RSI=0x0000000000000012, RDI=0x0000000000000000
R8 =0x00000000202bf098, R9 =0x00000000202bf150, R10=0x0000000000000000, R11=0x0000000000000001
R12=0x000000001afbeeb0, R13=0x0000000000000001, R14=0x0000000000000001, R15=0x0000000000000000
RIP=0x0000000180005b6b, EFLAGS=0x0000000000010246

Top of Stack: (sp=0x00000000202bf390)
0x00000000202bf390:   0000000000000000 0000000000000000
0x00000000202bf3a0:   0000000000000000 00000000ffffffff
0x00000000202bf3b0:   0000000017d34000 0000000000000000
0x00000000202bf3c0:   00000000202bf580 00000000202bf4c0
0x00000000202bf3d0:   ffffffffffffffff 0000000000000001
0x00000000202bf3e0:   0000000017e93ce8 0000000180005f3f
0x00000000202bf3f0:   0000000017d341f8 0000000017d341f8
0x00000000202bf400:   0000000000000001 00000000202bf420
0x00000000202bf410:   0000000000000001 00000000ffffffff
0x00000000202bf420:   00000000000000c7 00000000202bf4c0
0x00000000202bf430:   0000000000000000 000000005a7ec312
0x00000000202bf440:   000000001843b71a 0000000017d34000
0x00000000202bf450:   00000000202bf560 000000005a78e86f
0x00000000202bf460:   0000000017e83f00 000000005a76bd31
0x00000000202bf470:   00000112e9e3a96f 0000000017d34000
0x00000000202bf480:   0000000000000000 0000000000000000 

Instructions: (pc=0x0000000180005b6b)
0x0000000180005b4b:   31 00 00 85 c0 78 33 74 06 03 d8 2b f8 eb 0a b9
0x0000000180005b5b:   e8 03 00 00 e8 1c 1c 00 00 41 3b dd 7c b7 8b c3
0x0000000180005b6b:   45 89 74 24 08 48 8b 5c 24 60 48 83 c4 20 41 5f
0x0000000180005b7b:   41 5e 41 5d 41 5c 5f 5e 5d c3 e8 1e 61 00 00 83 


Register to memory mapping:

RAX=0x0000000000000001 is an unknown value
RBX=0x0000000000000001 is an unknown value
RCX=0x0112c9c85a9f0000 is an unknown value
RDX=0x0000000000000000 is an unknown value
RSP=0x00000000202bf390 is pointing into the stack for thread: 0x0000000017d34000
RBP=0x00000000ffffffff is an unallocated location in the heap
RSI=0x0000000000000012 is an unknown value
RDI=0x0000000000000000 is an unknown value
R8 =0x00000000202bf098 is pointing into the stack for thread: 0x0000000017d34000
R9 =0x00000000202bf150 is pointing into the stack for thread: 0x0000000017d34000
R10=0x0000000000000000 is an unknown value
R11=0x0000000000000001 is an unknown value
R12=0x000000001afbeeb0 is an unknown value
R13=0x0000000000000001 is an unknown value
R14=0x0000000000000001 is an unknown value
R15=0x0000000000000000 is an unknown value


Stack: [0x00000000201c0000,0x00000000202c0000],  sp=0x00000000202bf390,  free space=1020k
Native frames: (J=compiled Java code, j=interpreted, Vv=VM code, C=native code)
C  [rxtxSerial.dll+0x5b6b]
C  [rxtxSerial.dll+0x5f3f]
C  0x0000000002d7d0b9

Java frames: (J=compiled Java code, j=interpreted, Vv=VM code)
J 1202  gnu.io.RXTXPort.readByte()I (0 bytes) @ 0x0000000002d7d03b [0x0000000002d7d000+0x3b]
J 1223 C2 controlador.SerialCommunication.readData()I (19 bytes) @ 0x0000000002d9519c [0x0000000002d950c0+0xdc]
j  controlador.Controlador$4.run()V+97
v  ~StubRoutines::call_stub

---------------  P R O C E S S  ---------------

Java Threads: ( => current thread )
  0x0000000017d3d000 JavaThread "Thread-208" [_thread_blocked, id=7272, stack(0x00000000212c0000,0x00000000213c0000)]
  0x0000000017d3c800 JavaThread "Thread-206" [_thread_blocked, id=13420, stack(0x00000000211c0000,0x00000000212c0000)]
  0x0000000017d3b000 JavaThread "Thread-204" [_thread_blocked, id=7152, stack(0x00000000210c0000,0x00000000211c0000)]
  0x0000000017d3a000 JavaThread "Thread-202" [_thread_blocked, id=7172, stack(0x0000000020fc0000,0x00000000210c0000)]
  0x0000000017d39800 JavaThread "Thread-200" [_thread_blocked, id=13384, stack(0x0000000020ec0000,0x0000000020fc0000)]
  0x0000000017d38800 JavaThread "Thread-198" [_thread_blocked, id=10704, stack(0x0000000020dc0000,0x0000000020ec0000)]
  0x0000000017d3b800 JavaThread "Thread-196" [_thread_blocked, id=14576, stack(0x0000000020cc0000,0x0000000020dc0000)]
  0x0000000017d3e000 JavaThread "Thread-194" [_thread_blocked, id=3364, stack(0x0000000020bc0000,0x0000000020cc0000)]
  0x0000000017d31000 JavaThread "Thread-192" [_thread_blocked, id=7396, stack(0x0000000020ac0000,0x0000000020bc0000)]
  0x0000000017d38000 JavaThread "Thread-190" [_thread_blocked, id=3272, stack(0x00000000209c0000,0x0000000020ac0000)]
  0x0000000017d37000 JavaThread "Thread-188" [_thread_blocked, id=1608, stack(0x00000000206c0000,0x00000000207c0000)]
  0x0000000017d2f800 JavaThread "Thread-186" [_thread_blocked, id=11212, stack(0x00000000205c0000,0x00000000206c0000)]
  0x0000000017d36800 JavaThread "Thread-184" [_thread_blocked, id=2104, stack(0x00000000204c0000,0x00000000205c0000)]
  0x0000000017d35800 JavaThread "Thread-182" [_thread_blocked, id=8484, stack(0x00000000203c0000,0x00000000204c0000)]
  0x0000000017d30800 JavaThread "Thread-180" [_thread_blocked, id=10056, stack(0x00000000202c0000,0x00000000203c0000)]
=>0x0000000017d34000 JavaThread "Thread-178" [_thread_in_native, id=1496, stack(0x00000000201c0000,0x00000000202c0000)]
  0x0000000017d35000 JavaThread "Thread-176" [_thread_blocked, id=516, stack(0x00000000200c0000,0x00000000201c0000)]
  0x0000000017d33800 JavaThread "Thread-174" [_thread_blocked, id=13600, stack(0x000000001ffc0000,0x00000000200c0000)]
  0x0000000017d2f000 JavaThread "Thread-172" [_thread_blocked, id=700, stack(0x000000001fec0000,0x000000001ffc0000)]
  0x0000000017d32800 JavaThread "Thread-170" [_thread_blocked, id=6176, stack(0x000000001fdc0000,0x000000001fec0000)]
  0x0000000017d32000 JavaThread "Thread-168" [_thread_blocked, id=1932, stack(0x000000001fcc0000,0x000000001fdc0000)]
  0x0000000017d82000 JavaThread "Thread-166" [_thread_blocked, id=7640, stack(0x000000001fbc0000,0x000000001fcc0000)]
  0x0000000017d88800 JavaThread "Thread-164" [_thread_blocked, id=14684, stack(0x000000001fac0000,0x000000001fbc0000)]
  0x0000000017d87000 JavaThread "Thread-162" [_thread_blocked, id=6392, stack(0x000000001f9c0000,0x000000001fac0000)]
  0x0000000017d88000 JavaThread "Thread-160" [_thread_blocked, id=12872, stack(0x000000001f8c0000,0x000000001f9c0000)]
  0x0000000017d7f800 JavaThread "Thread-158" [_thread_blocked, id=14400, stack(0x000000001f7c0000,0x000000001f8c0000)]
  0x0000000017d86800 JavaThread "Thread-156" [_thread_blocked, id=14640, stack(0x000000001f6c0000,0x000000001f7c0000)]
  0x0000000017d85800 JavaThread "Thread-154" [_thread_blocked, id=14272, stack(0x000000001f5c0000,0x000000001f6c0000)]
  0x0000000017d85000 JavaThread "Thread-152" [_thread_blocked, id=12548, stack(0x000000001f4c0000,0x000000001f5c0000)]
  0x0000000017d83800 JavaThread "Thread-150" [_thread_blocked, id=11504, stack(0x000000001f3c0000,0x000000001f4c0000)]
  0x0000000017d7f000 JavaThread "Thread-148" [_thread_blocked, id=13936, stack(0x000000001f2c0000,0x000000001f3c0000)]
  0x0000000017d84000 JavaThread "Thread-146" [_thread_blocked, id=13052, stack(0x000000001f1c0000,0x000000001f2c0000)]
  0x0000000017d82800 JavaThread "Thread-144" [_thread_blocked, id=7400, stack(0x000000001f0c0000,0x000000001f1c0000)]
  0x0000000017d7a800 JavaThread "Thread-142" [_thread_blocked, id=10400, stack(0x000000001efc0000,0x000000001f0c0000)]
  0x0000000017d80800 JavaThread "Thread-140" [_thread_blocked, id=12088, stack(0x000000001eec0000,0x000000001efc0000)]
  0x0000000017d7d800 JavaThread "Thread-138" [_thread_blocked, id=14308, stack(0x000000001edc0000,0x000000001eec0000)]
  0x0000000017d7c000 JavaThread "Thread-136" [_thread_blocked, id=6912, stack(0x000000001ecc0000,0x000000001edc0000)]
  0x0000000017d7c800 JavaThread "Thread-134" [_thread_blocked, id=4372, stack(0x000000001ebc0000,0x000000001ecc0000)]
  0x0000000017d7b000 JavaThread "Thread-132" [_thread_blocked, id=6948, stack(0x000000001eac0000,0x000000001ebc0000)]
  0x0000000017d7e000 JavaThread "Thread-130" [_thread_blocked, id=10772, stack(0x000000001e9c0000,0x000000001eac0000)]
  0x0000000017d81000 JavaThread "Thread-128" [_thread_blocked, id=6616, stack(0x000000001e8c0000,0x000000001e9c0000)]
  0x0000000017d79800 JavaThread "Thread-126" [_thread_blocked, id=8392, stack(0x000000001e7c0000,0x000000001e8c0000)]
  0x000000001873c800 JavaThread "Thread-124" [_thread_blocked, id=8784, stack(0x000000001e6c0000,0x000000001e7c0000)]
  0x000000001873b800 JavaThread "Thread-122" [_thread_blocked, id=5968, stack(0x000000001e5c0000,0x000000001e6c0000)]
  0x000000001873f800 JavaThread "Thread-120" [_thread_blocked, id=3684, stack(0x000000001e4c0000,0x000000001e5c0000)]
  0x000000001873e800 JavaThread "Thread-118" [_thread_blocked, id=10728, stack(0x000000001e3c0000,0x000000001e4c0000)]
  0x000000001873a000 JavaThread "Thread-116" [_thread_blocked, id=1572, stack(0x000000001e2c0000,0x000000001e3c0000)]
  0x000000001873e000 JavaThread "Thread-114" [_thread_blocked, id=14216, stack(0x000000001e1c0000,0x000000001e2c0000)]
  0x0000000018739800 JavaThread "Thread-112" [_thread_blocked, id=10880, stack(0x000000001e0c0000,0x000000001e1c0000)]
  0x000000001873d000 JavaThread "Thread-110" [_thread_blocked, id=10360, stack(0x000000001dfc0000,0x000000001e0c0000)]
  0x0000000018740000 JavaThread "Thread-108" [_thread_blocked, id=7900, stack(0x000000001dec0000,0x000000001dfc0000)]
  0x000000001873b000 JavaThread "Thread-106" [_thread_blocked, id=11440, stack(0x000000001ddc0000,0x000000001dec0000)]
  0x0000000018732000 JavaThread "Thread-104" [_thread_blocked, id=12340, stack(0x000000001dcc0000,0x000000001ddc0000)]
  0x0000000018738800 JavaThread "Thread-102" [_thread_blocked, id=9924, stack(0x000000001dbc0000,0x000000001dcc0000)]
  0x0000000018735000 JavaThread "Thread-100" [_thread_blocked, id=7896, stack(0x000000001dac0000,0x000000001dbc0000)]
  0x0000000018738000 JavaThread "Thread-98" [_thread_blocked, id=14528, stack(0x000000001d9c0000,0x000000001dac0000)]
  0x0000000018737000 JavaThread "Thread-96" [_thread_blocked, id=6668, stack(0x000000001d8c0000,0x000000001d9c0000)]
  0x0000000018732800 JavaThread "Thread-94" [_thread_blocked, id=7892, stack(0x000000001d7c0000,0x000000001d8c0000)]
  0x0000000018731000 JavaThread "Thread-92" [_thread_blocked, id=14844, stack(0x000000001d6c0000,0x000000001d7c0000)]
  0x0000000018735800 JavaThread "Thread-90" [_thread_blocked, id=15108, stack(0x000000001d5c0000,0x000000001d6c0000)]
  0x0000000018736800 JavaThread "Thread-88" [_thread_blocked, id=7552, stack(0x000000001d4c0000,0x000000001d5c0000)]
  0x0000000018733800 JavaThread "Thread-86" [_thread_blocked, id=14232, stack(0x000000001d3c0000,0x000000001d4c0000)]
  0x0000000018734000 JavaThread "Thread-84" [_thread_blocked, id=6956, stack(0x000000001d2c0000,0x000000001d3c0000)]
  0x0000000018848000 JavaThread "Thread-82" [_thread_blocked, id=10184, stack(0x000000001d1c0000,0x000000001d2c0000)]
  0x0000000018847000 JavaThread "Thread-80" [_thread_blocked, id=8848, stack(0x000000001d0c0000,0x000000001d1c0000)]
  0x000000001884d000 JavaThread "Thread-78" [_thread_blocked, id=5664, stack(0x000000001cfc0000,0x000000001d0c0000)]
  0x000000001884b000 JavaThread "Thread-76" [_thread_blocked, id=9748, stack(0x000000001cec0000,0x000000001cfc0000)]
  0x000000001884a000 JavaThread "Thread-74" [_thread_blocked, id=12584, stack(0x000000001cdc0000,0x000000001cec0000)]
  0x000000001884c800 JavaThread "Thread-72" [_thread_blocked, id=9652, stack(0x000000001ccc0000,0x000000001cdc0000)]
  0x0000000018849800 JavaThread "Thread-70" [_thread_blocked, id=3216, stack(0x000000001cbc0000,0x000000001ccc0000)]
  0x0000000018848800 JavaThread "Thread-68" [_thread_blocked, id=12064, stack(0x000000001c9c0000,0x000000001cac0000)]
  0x000000001884b800 JavaThread "Thread-66" [_thread_blocked, id=4392, stack(0x000000001c8c0000,0x000000001c9c0000)]
  0x000000001883f800 JavaThread "Thread-64" [_thread_blocked, id=9016, stack(0x000000001c7c0000,0x000000001c8c0000)]
  0x0000000018846800 JavaThread "Thread-62" [_thread_blocked, id=14268, stack(0x000000001c6c0000,0x000000001c7c0000)]
  0x0000000018840800 JavaThread "Thread-60" [_thread_blocked, id=7600, stack(0x000000001c5c0000,0x000000001c6c0000)]
  0x000000001883f000 JavaThread "Thread-58" [_thread_blocked, id=756, stack(0x000000001c4c0000,0x000000001c5c0000)]
  0x0000000018845800 JavaThread "Thread-56" [_thread_blocked, id=7232, stack(0x000000001c3c0000,0x000000001c4c0000)]
  0x000000001883e000 JavaThread "Thread-54" [_thread_blocked, id=13980, stack(0x000000001c2c0000,0x000000001c3c0000)]
  0x0000000018844000 JavaThread "Thread-52" [_thread_blocked, id=4636, stack(0x000000001c1c0000,0x000000001c2c0000)]
  0x0000000018842800 JavaThread "Thread-50" [_thread_blocked, id=6680, stack(0x000000001bfc0000,0x000000001c0c0000)]
  0x0000000018845000 JavaThread "Thread-48" [_thread_blocked, id=8016, stack(0x000000001bec0000,0x000000001bfc0000)]
  0x0000000018842000 JavaThread "Thread-46" [_thread_blocked, id=7596, stack(0x000000001bdc0000,0x000000001bec0000)]
  0x0000000018841000 JavaThread "Thread-44" [_thread_blocked, id=352, stack(0x000000001bcc0000,0x000000001bdc0000)]
  0x0000000018843800 JavaThread "Thread-42" [_thread_blocked, id=13828, stack(0x000000001bbc0000,0x000000001bcc0000)]
  0x0000000017e66000 JavaThread "Thread-40" [_thread_blocked, id=15320, stack(0x000000001bac0000,0x000000001bbc0000)]
  0x0000000017e63800 JavaThread "Thread-38" [_thread_blocked, id=6548, stack(0x000000001b9c0000,0x000000001bac0000)]
  0x0000000017e63000 JavaThread "Thread-36" [_thread_blocked, id=14932, stack(0x000000001b8c0000,0x000000001b9c0000)]
  0x0000000017e62000 JavaThread "Thread-34" [_thread_blocked, id=8344, stack(0x000000001b7c0000,0x000000001b8c0000)]
  0x0000000017e64800 JavaThread "Thread-32" [_thread_blocked, id=14616, stack(0x000000001b6c0000,0x000000001b7c0000)]
  0x0000000017e61800 JavaThread "Thread-30" [_thread_blocked, id=13444, stack(0x000000001b5c0000,0x000000001b6c0000)]
  0x0000000017e65000 JavaThread "Thread-28" [_thread_blocked, id=9688, stack(0x000000001b4c0000,0x000000001b5c0000)]
  0x0000000017e60800 JavaThread "Thread-26" [_thread_blocked, id=13076, stack(0x000000001b3c0000,0x000000001b4c0000)]
  0x0000000017e60000 JavaThread "Thread-24" [_thread_blocked, id=14724, stack(0x000000001b2c0000,0x000000001b3c0000)]
  0x0000000017e66800 JavaThread "Thread-22" [_thread_blocked, id=1648, stack(0x000000001b1c0000,0x000000001b2c0000)]
  0x0000000017e5d000 JavaThread "Thread-20" [_thread_blocked, id=748, stack(0x000000001b0c0000,0x000000001b1c0000)]
  0x0000000017da6800 JavaThread "Thread-18" [_thread_blocked, id=10328, stack(0x000000001afc0000,0x000000001b0c0000)]
  0x0000000017da3800 JavaThread "Thread-16" [_thread_blocked, id=12896, stack(0x000000001adc0000,0x000000001aec0000)]
  0x0000000017da3000 JavaThread "Thread-14" [_thread_blocked, id=1120, stack(0x0000000019380000,0x0000000019480000)]
  0x000000001879a000 JavaThread "TimerQueue" daemon [_thread_blocked, id=1704, stack(0x000000001a3c0000,0x000000001a4c0000)]
  0x00000000028be800 JavaThread "DestroyJavaVM" [_thread_blocked, id=15088, stack(0x00000000026d0000,0x00000000027d0000)]
  0x0000000018441800 JavaThread "AWT-EventQueue-0" [_thread_blocked, id=2604, stack(0x0000000019480000,0x0000000019580000)]
  0x0000000017fc2000 JavaThread "AWT-Windows" daemon [_thread_in_native, id=7908, stack(0x0000000018e70000,0x0000000018f70000)]
  0x0000000017fbe000 JavaThread "AWT-Shutdown" [_thread_blocked, id=1460, stack(0x0000000018d70000,0x0000000018e70000)]
  0x0000000017fbd800 JavaThread "Java2D Disposer" daemon [_thread_blocked, id=14072, stack(0x0000000018c70000,0x0000000018d70000)]
  0x0000000017bf2800 JavaThread "Service Thread" daemon [_thread_blocked, id=13728, stack(0x0000000017fd0000,0x00000000180d0000)]
  0x000000001625b800 JavaThread "C1 CompilerThread2" daemon [_thread_blocked, id=7860, stack(0x0000000017ad0000,0x0000000017bd0000)]
  0x0000000016257000 JavaThread "C2 CompilerThread1" daemon [_thread_blocked, id=13812, stack(0x00000000179d0000,0x0000000017ad0000)]
  0x000000001624e800 JavaThread "C2 CompilerThread0" daemon [_thread_blocked, id=11180, stack(0x00000000178d0000,0x00000000179d0000)]
  0x000000001624d000 JavaThread "Attach Listener" daemon [_thread_blocked, id=6772, stack(0x00000000177d0000,0x00000000178d0000)]
  0x000000001624b800 JavaThread "Signal Dispatcher" daemon [_thread_blocked, id=11756, stack(0x00000000176d0000,0x00000000177d0000)]
  0x000000001623a800 JavaThread "Finalizer" daemon [_thread_blocked, id=9888, stack(0x00000000174b0000,0x00000000175b0000)]
  0x00000000029b0000 JavaThread "Reference Handler" daemon [_thread_blocked, id=12208, stack(0x00000000173b0000,0x00000000174b0000)]

Other Threads:
  0x0000000016218000 VMThread [stack: 0x00000000172b0000,0x00000000173b0000] [id=10088]
  0x0000000017c14800 WatcherThread [stack: 0x00000000180d0000,0x00000000181d0000] [id=9812]

VM state:not at safepoint (normal execution)

VM Mutex/Monitor currently owned by a thread: None

heap address: 0x00000000a1a00000, size: 1510 MB, Compressed Oops mode: 32-bit
Narrow klass base: 0x0000000000000000, Narrow klass shift: 3
Compressed class space size: 1073741824 Address: 0x0000000100000000

Heap:
 PSYoungGen      total 53248K, used 17206K [0x00000000e0900000, 0x00000000e4100000, 0x0000000100000000)
  eden space 49152K, 26% used [0x00000000e0900000,0x00000000e15d1578,0x00000000e3900000)
  from space 4096K, 99% used [0x00000000e3d00000,0x00000000e40fc570,0x00000000e4100000)
  to   space 4096K, 0% used [0x00000000e3900000,0x00000000e3900000,0x00000000e3d00000)
 ParOldGen       total 65536K, used 22590K [0x00000000a1a00000, 0x00000000a5a00000, 0x00000000e0900000)
  object space 65536K, 34% used [0x00000000a1a00000,0x00000000a300fbc8,0x00000000a5a00000)
 Metaspace       used 15043K, capacity 15288K, committed 15616K, reserved 1062912K
  class space    used 1900K, capacity 1967K, committed 2048K, reserved 1048576K

Card table byte_map: [0x0000000011d80000,0x0000000012080000] byte_map_base: 0x0000000011873000

Marking Bits: (ParMarkBitMap*) 0x000000005ad76d90
 Begin Bits: [0x0000000012680000, 0x0000000013e18000)
 End Bits:   [0x0000000013e18000, 0x00000000155b0000)

Polling page: 0x00000000005e0000

CodeCache: size=245760Kb used=4153Kb max_used=4153Kb free=241606Kb
 bounds [0x00000000029c0000, 0x0000000002de0000, 0x00000000119c0000]
 total_blobs=1857 nmethods=1304 adapters=465
 compilation: enabled

Compilation events (10 events):
Event: 13.465 Thread 0x000000001625b800 1300   !   3       java.awt.event.InvocationEvent::dispatch (69 bytes)
Event: 13.466 Thread 0x000000001625b800 nmethod 1300 0x0000000002dcea10 code [0x0000000002dcebc0, 0x0000000002dcf238]
Event: 13.467 Thread 0x000000001625b800 1301       1       java.util.Collections$EmptyList::isEmpty (2 bytes)
Event: 13.467 Thread 0x000000001625b800 nmethod 1301 0x0000000002dcf410 code [0x0000000002dcf560, 0x0000000002dcf670]
Event: 13.468 Thread 0x000000001625b800 1302       3       sun.font.FontDesignMetrics::getDefaultFrc (53 bytes)
Event: 13.469 Thread 0x000000001625b800 nmethod 1302 0x0000000002dcf6d0 code [0x0000000002dcf900, 0x0000000002dd05f8]
Event: 13.601 Thread 0x000000001625b800 1303       1       java.awt.event.MouseEvent::getButton (5 bytes)
Event: 13.601 Thread 0x000000001625b800 nmethod 1303 0x0000000002dd09d0 code [0x0000000002dd0b20, 0x0000000002dd0c30]
Event: 13.603 Thread 0x000000001625b800 1304       1       javax.swing.JComponent::isOptimizedDrawingEnabled (2 bytes)
Event: 13.603 Thread 0x000000001625b800 nmethod 1304 0x0000000002dd0c90 code [0x0000000002dd0de0, 0x0000000002dd0ef0]

GC Heap History (4 events):
Event: 0.568 GC heap before
{Heap before GC invocations=1 (full 0):
 PSYoungGen      total 28672K, used 24576K [0x00000000e0900000, 0x00000000e2900000, 0x0000000100000000)
  eden space 24576K, 100% used [0x00000000e0900000,0x00000000e2100000,0x00000000e2100000)
  from space 4096K, 0% used [0x00000000e2500000,0x00000000e2500000,0x00000000e2900000)
  to   space 4096K, 0% used [0x00000000e2100000,0x00000000e2100000,0x00000000e2500000)
 ParOldGen       total 65536K, used 0K [0x00000000a1a00000, 0x00000000a5a00000, 0x00000000e0900000)
  object space 65536K, 0% used [0x00000000a1a00000,0x00000000a1a00000,0x00000000a5a00000)
 Metaspace       used 9528K, capacity 9686K, committed 9856K, reserved 1058816K
  class space    used 1215K, capacity 1284K, committed 1408K, reserved 1048576K
Event: 0.589 GC heap after
Heap after GC invocations=1 (full 0):
 PSYoungGen      total 28672K, used 1535K [0x00000000e0900000, 0x00000000e4100000, 0x0000000100000000)
  eden space 24576K, 0% used [0x00000000e0900000,0x00000000e0900000,0x00000000e2100000)
  from space 4096K, 37% used [0x00000000e2100000,0x00000000e227fe38,0x00000000e2500000)
  to   space 4096K, 0% used [0x00000000e3d00000,0x00000000e3d00000,0x00000000e4100000)
 ParOldGen       total 65536K, used 18750K [0x00000000a1a00000, 0x00000000a5a00000, 0x00000000e0900000)
  object space 65536K, 28% used [0x00000000a1a00000,0x00000000a2c4f810,0x00000000a5a00000)
 Metaspace       used 9528K, capacity 9686K, committed 9856K, reserved 1058816K
  class space    used 1215K, capacity 1284K, committed 1408K, reserved 1048576K
}
Event: 9.746 GC heap before
{Heap before GC invocations=2 (full 0):
 PSYoungGen      total 28672K, used 26111K [0x00000000e0900000, 0x00000000e4100000, 0x0000000100000000)
  eden space 24576K, 100% used [0x00000000e0900000,0x00000000e2100000,0x00000000e2100000)
  from space 4096K, 37% used [0x00000000e2100000,0x00000000e227fe38,0x00000000e2500000)
  to   space 4096K, 0% used [0x00000000e3d00000,0x00000000e3d00000,0x00000000e4100000)
 ParOldGen       total 65536K, used 18750K [0x00000000a1a00000, 0x00000000a5a00000, 0x00000000e0900000)
  object space 65536K, 28% used [0x00000000a1a00000,0x00000000a2c4f810,0x00000000a5a00000)
 Metaspace       used 14876K, capacity 15128K, committed 15360K, reserved 1062912K
  class space    used 1865K, capacity 1935K, committed 2048K, reserved 1048576K
Event: 9.752 GC heap after
Heap after GC invocations=2 (full 0):
 PSYoungGen      total 53248K, used 4081K [0x00000000e0900000, 0x00000000e4100000, 0x0000000100000000)
  eden space 49152K, 0% used [0x00000000e0900000,0x00000000e0900000,0x00000000e3900000)
  from space 4096K, 99% used [0x00000000e3d00000,0x00000000e40fc570,0x00000000e4100000)
  to   space 4096K, 0% used [0x00000000e3900000,0x00000000e3900000,0x00000000e3d00000)
 ParOldGen       total 65536K, used 22590K [0x00000000a1a00000, 0x00000000a5a00000, 0x00000000e0900000)
  object space 65536K, 34% used [0x00000000a1a00000,0x00000000a300fbc8,0x00000000a5a00000)
 Metaspace       used 14876K, capacity 15128K, committed 15360K, reserved 1062912K
  class space    used 1865K, capacity 1935K, committed 2048K, reserved 1048576K
}

Deoptimization events (9 events):
Event: 0.445 Thread 0x00000000028be800 Uncommon trap: reason=unstable_if action=reinterpret pc=0x0000000002b625bc method=controlador.Controlador.<init>(Lmodelo/InterfaceModelo;Lvista/InterfaceVista;)V @ 104
Event: 0.919 Thread 0x00000000028be800 Uncommon trap: reason=bimorphic action=maybe_recompile pc=0x0000000002c42ce4 method=java.util.HashMap.getNode(ILjava/lang/Object;)Ljava/util/HashMap$Node; @ 126
Event: 0.919 Thread 0x00000000028be800 Uncommon trap: reason=bimorphic action=maybe_recompile pc=0x0000000002c42ce4 method=java.util.HashMap.getNode(ILjava/lang/Object;)Ljava/util/HashMap$Node; @ 126
Event: 0.920 Thread 0x00000000028be800 Uncommon trap: reason=bimorphic action=maybe_recompile pc=0x0000000002c42ce4 method=java.util.HashMap.getNode(ILjava/lang/Object;)Ljava/util/HashMap$Node; @ 126
Event: 0.920 Thread 0x00000000028be800 Uncommon trap: reason=bimorphic action=maybe_recompile pc=0x0000000002c42ce4 method=java.util.HashMap.getNode(ILjava/lang/Object;)Ljava/util/HashMap$Node; @ 126
Event: 1.006 Thread 0x00000000028be800 Uncommon trap: reason=class_check action=maybe_recompile pc=0x0000000002b370e0 method=java.lang.String.equals(Ljava/lang/Object;)Z @ 8
Event: 1.007 Thread 0x00000000028be800 Uncommon trap: reason=class_check action=maybe_recompile pc=0x0000000002b370e0 method=java.lang.String.equals(Ljava/lang/Object;)Z @ 8
Event: 1.008 Thread 0x00000000028be800 Uncommon trap: reason=class_check action=maybe_recompile pc=0x0000000002b370e0 method=java.lang.String.equals(Ljava/lang/Object;)Z @ 8
Event: 1.008 Thread 0x00000000028be800 Uncommon trap: reason=class_check action=maybe_recompile pc=0x0000000002b370e0 method=java.lang.String.equals(Ljava/lang/Object;)Z @ 8

Classes redefined (0 events):
No events

Internal exceptions (10 events):
Event: 0.256 Thread 0x00000000028be800 Exception <a 'java/security/PrivilegedActionException'> (0x00000000e0a516a0) thrown at [C:\re\workspace\8-2-build-windows-amd64-cygwin\jdk8u231\13620\hotspot\src\share\vm\prims\jvm.cpp, line 1502]
Event: 0.256 Thread 0x00000000028be800 Exception <a 'java/security/PrivilegedActionException'> (0x00000000e0a518b0) thrown at [C:\re\workspace\8-2-build-windows-amd64-cygwin\jdk8u231\13620\hotspot\src\share\vm\prims\jvm.cpp, line 1502]
Event: 0.266 Thread 0x00000000028be800 Exception <a 'java/io/FileNotFoundException'> (0x00000000e0a59710) thrown at [C:\re\workspace\8-2-build-windows-amd64-cygwin\jdk8u231\13620\hotspot\src\share\vm\prims\jni.cpp, line 710]
Event: 0.319 Thread 0x00000000028be800 Exception <a 'java/lang/NoSuchFieldError': method resolution failed> (0x00000000e0b29fe0) thrown at [C:\re\workspace\8-2-build-windows-amd64-cygwin\jdk8u231\13620\hotspot\src\share\vm\prims\methodHandles.cpp, line 1167]
Event: 0.323 Thread 0x00000000028be800 Exception <a 'java/lang/NoSuchFieldError': method resolution failed> (0x00000000e0b373b0) thrown at [C:\re\workspace\8-2-build-windows-amd64-cygwin\jdk8u231\13620\hotspot\src\share\vm\prims\methodHandles.cpp, line 1167]
Event: 0.373 Thread 0x00000000028be800 Exception <a 'java/io/FileNotFoundException'> (0x00000000e0be0030) thrown at [C:\re\workspace\8-2-build-windows-amd64-cygwin\jdk8u231\13620\hotspot\src\share\vm\prims\jni.cpp, line 710]
Event: 4.318 Thread 0x000000001882a800 Exception <a 'java/io/FileNotFoundException'> (0x00000000e18e2a08) thrown at [C:\re\workspace\8-2-build-windows-amd64-cygwin\jdk8u231\13620\hotspot\src\share\vm\prims\jni.cpp, line 710]
Event: 4.452 Thread 0x000000001882a800 Exception <a 'java/io/FileNotFoundException'> (0x00000000e18fc308) thrown at [C:\re\workspace\8-2-build-windows-amd64-cygwin\jdk8u231\13620\hotspot\src\share\vm\prims\jni.cpp, line 710]
Event: 4.453 Thread 0x000000001882a800 Exception <a 'java/io/FileNotFoundException'> (0x00000000e190dba8) thrown at [C:\re\workspace\8-2-build-windows-amd64-cygwin\jdk8u231\13620\hotspot\src\share\vm\prims\jni.cpp, line 710]
Event: 4.592 Thread 0x000000001882a800 Exception <a 'java/io/FileNotFoundException'> (0x00000000e1926fe8) thrown at [C:\re\workspace\8-2-build-windows-amd64-cygwin\jdk8u231\13620\hotspot\src\share\vm\prims\jni.cpp, line 710]

Events (10 events):
Event: 13.465 loading class javax/swing/PopupFactory$HeavyWeightPopup$1
Event: 13.465 loading class javax/swing/PopupFactory$HeavyWeightPopup$1 done
Event: 13.601 loading class controlador/Controlador$2
Event: 13.601 loading class controlador/Controlador$2 done
Event: 13.602 Thread 0x0000000017d3d000 Thread added: 0x0000000017d3d000
Event: 13.603 Executing VM operation: RevokeBias
Event: 13.603 Executing VM operation: RevokeBias done
Event: 13.608 Thread 0x0000000018838000 Thread exited: 0x0000000018838000
Event: 13.608 Executing VM operation: RevokeBias
Event: 13.609 Executing VM operation: RevokeBias done


Dynamic libraries:
0x00007ff726510000 - 0x00007ff726547000 	C:\Program Files\Java\jre1.8.0_231\bin\javaw.exe
0x00007ffba2ea0000 - 0x00007ffba3090000 	C:\WINDOWS\SYSTEM32\ntdll.dll
0x00007ffba0f50000 - 0x00007ffba1002000 	C:\WINDOWS\System32\KERNEL32.DLL
0x00007ffba0a10000 - 0x00007ffba0cb3000 	C:\WINDOWS\System32\KERNELBASE.dll
0x00007ffba14f0000 - 0x00007ffba1593000 	C:\WINDOWS\System32\ADVAPI32.dll
0x00007ffba10b0000 - 0x00007ffba114e000 	C:\WINDOWS\System32\msvcrt.dll
0x00007ffba15a0000 - 0x00007ffba1637000 	C:\WINDOWS\System32\sechost.dll
0x00007ffba16b0000 - 0x00007ffba17d0000 	C:\WINDOWS\System32\RPCRT4.dll
0x00007ffba24c0000 - 0x00007ffba2654000 	C:\WINDOWS\System32\USER32.dll
0x00007ffba0660000 - 0x00007ffba0681000 	C:\WINDOWS\System32\win32u.dll
0x00007ffba1150000 - 0x00007ffba1176000 	C:\WINDOWS\System32\GDI32.dll
0x00007ffba0690000 - 0x00007ffba0824000 	C:\WINDOWS\System32\gdi32full.dll
0x00007ffba0e90000 - 0x00007ffba0f2e000 	C:\WINDOWS\System32\msvcp_win.dll
0x00007ffba0910000 - 0x00007ffba0a0a000 	C:\WINDOWS\System32\ucrtbase.dll
0x00007ffb8d170000 - 0x00007ffb8d3f5000 	C:\WINDOWS\WinSxS\amd64_microsoft.windows.common-controls_6595b64144ccf1df_6.0.18362.720_none_e6beb5c51314836b\COMCTL32.dll
0x00007ffba1180000 - 0x00007ffba14b6000 	C:\WINDOWS\System32\combase.dll
0x00007ffba0890000 - 0x00007ffba0910000 	C:\WINDOWS\System32\bcryptPrimitives.dll
0x00007ffba1010000 - 0x00007ffba103e000 	C:\WINDOWS\System32\IMM32.DLL
0x000000005a080000 - 0x000000005a152000 	C:\Program Files\Java\jre1.8.0_231\bin\msvcr100.dll
0x000000005a550000 - 0x000000005adf6000 	C:\Program Files\Java\jre1.8.0_231\bin\server\jvm.dll
0x00007ffba1830000 - 0x00007ffba1838000 	C:\WINDOWS\System32\PSAPI.DLL
0x00007ffb99280000 - 0x00007ffb99289000 	C:\WINDOWS\SYSTEM32\WSOCK32.dll
0x00007ffba1040000 - 0x00007ffba10af000 	C:\WINDOWS\System32\WS2_32.dll
0x00007ffb9cb50000 - 0x00007ffb9cb74000 	C:\WINDOWS\SYSTEM32\WINMM.dll
0x00007ffb91480000 - 0x00007ffb9148a000 	C:\WINDOWS\SYSTEM32\VERSION.dll
0x00007ffb9cb20000 - 0x00007ffb9cb4d000 	C:\WINDOWS\SYSTEM32\WINMMBASE.dll
0x00007ffba0cc0000 - 0x00007ffba0d0a000 	C:\WINDOWS\System32\cfgmgr32.dll
0x00007ffb95590000 - 0x00007ffb9559f000 	C:\Program Files\Java\jre1.8.0_231\bin\verify.dll
0x00007ffb8b670000 - 0x00007ffb8b699000 	C:\Program Files\Java\jre1.8.0_231\bin\java.dll
0x00007ffb8ead0000 - 0x00007ffb8eae6000 	C:\Program Files\Java\jre1.8.0_231\bin\zip.dll
0x00007ffba2770000 - 0x00007ffba2e55000 	C:\WINDOWS\System32\SHELL32.dll
0x00007ffba2660000 - 0x00007ffba2709000 	C:\WINDOWS\System32\shcore.dll
0x00007ffb9fee0000 - 0x00007ffba0660000 	C:\WINDOWS\System32\windows.storage.dll
0x00007ffb9fde0000 - 0x00007ffb9fe03000 	C:\WINDOWS\System32\profapi.dll
0x00007ffb9fd90000 - 0x00007ffb9fdda000 	C:\WINDOWS\System32\powrprof.dll
0x00007ffb9fd60000 - 0x00007ffb9fd70000 	C:\WINDOWS\System32\UMPDC.dll
0x00007ffba17d0000 - 0x00007ffba1822000 	C:\WINDOWS\System32\shlwapi.dll
0x00007ffb9fd70000 - 0x00007ffb9fd81000 	C:\WINDOWS\System32\kernel.appcore.dll
0x00007ffba0f30000 - 0x00007ffba0f47000 	C:\WINDOWS\System32\cryptsp.dll
0x00007ffb74920000 - 0x00007ffb74aba000 	C:\Program Files\Java\jre1.8.0_231\bin\awt.dll
0x00007ffba2110000 - 0x00007ffba21d4000 	C:\WINDOWS\System32\OLEAUT32.dll
0x00007ffb9e290000 - 0x00007ffb9e31f000 	C:\WINDOWS\SYSTEM32\apphelp.dll
0x00007ffb9e610000 - 0x00007ffb9e63d000 	C:\WINDOWS\system32\DWMAPI.DLL
0x00007ffb9e510000 - 0x00007ffb9e5a9000 	C:\WINDOWS\system32\uxtheme.dll
0x00007ffb90b90000 - 0x00007ffb90ce6000 	C:\WINDOWS\system32\opengl32.dll
0x00007ffb94f00000 - 0x00007ffb94f2c000 	C:\WINDOWS\SYSTEM32\GLU32.dll
0x00007ffb9e9d0000 - 0x00007ffb9e9f0000 	C:\WINDOWS\SYSTEM32\dxcore.dll
0x00007ffba1a90000 - 0x00007ffba1bc6000 	C:\WINDOWS\System32\MSCTF.dll
0x00007ffba1840000 - 0x00007ffba1997000 	C:\WINDOWS\System32\ole32.dll
0x00007ffb84de0000 - 0x00007ffb84e29000 	C:\Program Files\Java\jre1.8.0_231\bin\fontmanager.dll
0x00007ffb8e270000 - 0x00007ffb8e28a000 	C:\Program Files\Java\jre1.8.0_231\bin\net.dll
0x00007ffb9f570000 - 0x00007ffb9f5d7000 	C:\WINDOWS\system32\mswsock.dll
0x00007ffb8a880000 - 0x00007ffb8a892000 	C:\Program Files\Java\jre1.8.0_231\bin\nio.dll
0x00007ffb83840000 - 0x00007ffb83882000 	C:\Program Files\Java\jre1.8.0_231\bin\t2k.dll
0x00007ffba2390000 - 0x00007ffba2432000 	C:\WINDOWS\System32\clbcatq.dll
0x00007ffb9a500000 - 0x00007ffb9a6af000 	C:\WINDOWS\SYSTEM32\WindowsCodecs.dll
0x00007ffb93c10000 - 0x00007ffb93c4a000 	C:\WINDOWS\system32\dataexchange.dll
0x00007ffb9d140000 - 0x00007ffb9d39b000 	C:\WINDOWS\system32\d3d11.dll
0x00007ffb9db70000 - 0x00007ffb9dd4b000 	C:\WINDOWS\system32\dcomp.dll
0x00007ffb9e9f0000 - 0x00007ffb9eadb000 	C:\WINDOWS\system32\dxgi.dll
0x00007ffb9df20000 - 0x00007ffb9e17a000 	C:\WINDOWS\system32\twinapi.appcore.dll
0x00007ffb9e5e0000 - 0x00007ffb9e609000 	C:\WINDOWS\system32\RMCLIENT.dll
0x00007ffb980a0000 - 0x00007ffb9813e000 	C:\WINDOWS\System32\TextInputFramework.dll
0x00007ffb9bc90000 - 0x00007ffb9bfba000 	C:\WINDOWS\System32\CoreUIComponents.dll
0x00007ffb9e180000 - 0x00007ffb9e254000 	C:\WINDOWS\System32\CoreMessaging.dll
0x00007ffb9edc0000 - 0x00007ffb9edf1000 	C:\WINDOWS\SYSTEM32\ntmarta.dll
0x00007ffb9b6f0000 - 0x00007ffb9b843000 	C:\WINDOWS\SYSTEM32\wintypes.dll
0x00007ffb925b0000 - 0x00007ffb92615000 	C:\WINDOWS\system32\Oleacc.dll
0x00007ffb83ec0000 - 0x00007ffb83eea000 	C:\Program Files\Java\jre1.8.0_231\bin\dcpr.dll
0x00007ffb941a0000 - 0x00007ffb94446000 	C:\WINDOWS\System32\iertutil.dll
0x0000000180000000 - 0x0000000180025000 	C:\Program Files\Java\jre1.8.0_231\bin\rxtxSerial.dll
0x00007ffb962f0000 - 0x00007ffb964e4000 	C:\WINDOWS\SYSTEM32\dbghelp.dll

VM Arguments:
jvm_args: -Dfile.encoding=Cp1252 
java_command: Main
java_class_path (initial): F:\PROYECTOS\Curso_JAVA\SignalPlotter\bin;C:\Program Files\Java\eclipse\plugins\gnu.io.rxtx_2.1.7.4_v20071016.jar;C:\Program Files\Java\jfreechart-1.0.19\lib\jcommon-1.0.23.jar;C:\Program Files\Java\jfreechart-1.0.19\lib\jfreechart-1.0.19.jar;C:\Program Files\Java\Java-RxTx-in-Windows-10-USB-COM-ports-master\Win10RxTx\lib\RXTXcomm.jar
Launcher Type: SUN_STANDARD

Environment Variables:
PATH=C:/Program Files/Java/jre1.8.0_231/bin/server;C:/Program Files/Java/jre1.8.0_231/bin;C:/Program Files/Java/jre1.8.0_231/lib/amd64;C:\Program Files (x86)\Common Files\Oracle\Java\javapath;C:\WINDOWS\system32;C:\WINDOWS;C:\WINDOWS\System32\Wbem;C:\WINDOWS\System32\WindowsPowerShell\v1.0\;C:\WINDOWS\System32\OpenSSH\;C:\Program Files\MATLAB\R2016b\runtime\win64;C:\Program Files\MATLAB\R2016b\bin;C:\Program Files\MATLAB\R2016b\polyspace\bin;C:\Program Files\Git\cmd;C:\PROGRA~2\PICC;C:\Go\bin;C:\Users\luciano\AppData\Local\Microsoft\WindowsApps;C:\Users\luciano\AppData\Local\Programs\MiKTeX 2.9\miktex\bin\x64\;C:\Users\luciano\go\bin;F:\LUCIANO\PROGRAMAS\Eclipse\eclipse;
USERNAME=luciano
OS=Windows_NT
PROCESSOR_IDENTIFIER=Intel64 Family 6 Model 58 Stepping 9, GenuineIntel



---------------  S Y S T E M  ---------------

OS: Windows 10.0 , 64 bit Build 18362 (10.0.18362.329)

CPU:total 4 (initial active 4) (2 cores per cpu, 2 threads per core) family 6 model 58 stepping 9, cmov, cx8, fxsr, mmx, sse, sse2, sse3, ssse3, sse4.1, sse4.2, popcnt, avx, aes, clmul, erms, ht, tsc, tscinvbit, tscinv

Memory: 4k page, physical 6183040k(1485236k free), swap 11611556k(6050536k free)

vm_info: Java HotSpot(TM) 64-Bit Server VM (25.231-b11) for windows-amd64 JRE (1.8.0_231-b11), built on Oct  5 2019 03:11:30 by "java_re" with MS VC++ 10.0 (VS2010)

time: Mon Mar 30 20:47:00 2020
timezone: Hora estándar de Argentina
elapsed time: 13 seconds (0d 0h 0m 13s)

